#
# A fatal error has been detected by the Java Runtime Environment:
#
#  EXCEPTION_ACCESS_VIOLATION (0xc0000005) at pc=0x0000000069b09565, pid=6496, tid=6124
#
# JRE version: 7.0_07-b10
# Java VM: Java HotSpot(TM) 64-Bit Server VM (23.3-b01 mixed mode windows-amd64 compressed oops)
# Problematic frame:
# C  [atio6axx.dll+0xad9565]  atiPS+0x82f0c5
#
# Failed to write core dump. Minidumps are not enabled by default on client versions of Windows
#
# If you would like to submit a bug report, please visit:
#   http://bugreport.sun.com/bugreport/crash.jsp
# The crash happened outside the Java Virtual Machine in native code.
# See problematic frame for where to report the bug.
#

---------------  T H R E A D  ---------------

Current thread (0x0000000001d1c800):  JavaThread "main" [_thread_in_native, id=6124, stack(0x00000000025a0000,0x00000000026a0000)]

siginfo: ExceptionCode=0xc0000005, reading address 0x0000000000000dd0

Registers:
RAX=0x0000000000000000, RBX=0x000000000fcf1fd0, RCX=0x000000000fcf1fd0, RDX=0x0000000002693230
RSP=0x0000000002692e90, RBP=0x000000000fcf1fd0, RSI=0x0000000000000000, RDI=0x0000000069b09b40
R8 =0x0000000000000000, R9 =0x0000000000000100, R10=0x0000000000000100, R11=0x00000000026930c0
R12=0x0000000002693230, R13=0x0000000000000000, R14=0x0000000000000000, R15=0x00000000ffffffff
RIP=0x0000000069b09565, EFLAGS=0x0000000000010206

Top of Stack: (sp=0x0000000002692e90)
0x0000000002692e90:   0000000000000000 00000000026931d0
0x0000000002692ea0:   000000000fcb7b30 0000000002570000
0x0000000002692eb0:   0000000000000100 000000007792413d
0x0000000002692ec0:   0000000002570000 0000000069b64001
0x0000000002692ed0:   0000000000000000 000000000fcb7b30
0x0000000002692ee0:   00000000692da4a0 00000000692da4a0
0x0000000002692ef0:   0000000000000000 ffffffffffffffff
0x0000000002692f00:   0000000000000000 000000000fcb7b30
0x0000000002692f10:   000000000fcf1ff0 0000000000000000
0x0000000002692f20:   0000000000000000 00000000026931d0
0x0000000002692f30:   000000000fcb6c20 0000000002570000
0x0000000002692f40:   000000000fcb6c10 000000007792413d
0x0000000002692f50:   0000000002570000 00000000778f5401
0x0000000002692f60:   0000000000000000 000000000fcb6c20
0x0000000002692f70:   0000000000000000 0000000000000000
0x0000000002692f80:   0000000000000000 0000000000000000 

Instructions: (pc=0x0000000069b09565)
0x0000000069b09545:   20 5f c3 cc cc cc cc cc cc cc cc 40 53 41 54 48
0x0000000069b09555:   81 ec b8 02 00 00 48 8b 41 20 4c 8b e2 48 8b d9
0x0000000069b09565:   83 b8 d0 0d 00 00 01 75 3b 8b 00 83 f8 16 74 34
0x0000000069b09575:   83 f8 17 74 2f 83 f8 18 74 2a 48 8d 0d 8a fc a3 


Register to memory mapping:

RAX=0x0000000000000000 is an unknown value
RBX=0x000000000fcf1fd0 is an unknown value
RCX=0x000000000fcf1fd0 is an unknown value
RDX=0x0000000002693230 is pointing into the stack for thread: 0x0000000001d1c800
RSP=0x0000000002692e90 is pointing into the stack for thread: 0x0000000001d1c800
RBP=0x000000000fcf1fd0 is an unknown value
RSI=0x0000000000000000 is an unknown value
RDI=0x0000000069b09b40 is an unknown value
R8 =0x0000000000000000 is an unknown value
R9 =0x0000000000000100 is an unknown value
R10=0x0000000000000100 is an unknown value
R11=0x00000000026930c0 is pointing into the stack for thread: 0x0000000001d1c800
R12=0x0000000002693230 is pointing into the stack for thread: 0x0000000001d1c800
R13=0x0000000000000000 is an unknown value
R14=0x0000000000000000 is an unknown value
R15=0x00000000ffffffff is an unknown value


Stack: [0x00000000025a0000,0x00000000026a0000],  sp=0x0000000002692e90,  free space=971k
Native frames: (J=compiled Java code, j=interpreted, Vv=VM code, C=native code)
C  [atio6axx.dll+0xad9565]  atiPS+0x82f0c5

Java frames: (J=compiled Java code, j=interpreted, Vv=VM code)
j  org.lwjgl.opengl.WindowsPeerInfo.nChoosePixelFormat(JIILorg/lwjgl/opengl/PixelFormat;Ljava/nio/IntBuffer;ZZZZ)I+0
j  org.lwjgl.opengl.WindowsPeerInfo.choosePixelFormat(JIILorg/lwjgl/opengl/PixelFormat;Ljava/nio/IntBuffer;ZZZZ)I+15
j  org.lwjgl.opengl.WindowsDisplay.createWindow(Lorg/lwjgl/opengl/DrawableLWJGL;Lorg/lwjgl/opengl/DisplayMode;Ljava/awt/Canvas;II)V+196
j  org.lwjgl.opengl.Display.createWindow()V+71
j  org.lwjgl.opengl.Display.create(Lorg/lwjgl/opengl/PixelFormat;Lorg/lwjgl/opengl/Drawable;Lorg/lwjgl/opengl/ContextAttribs;)V+72
j  org.lwjgl.opengl.Display.create(Lorg/lwjgl/opengl/PixelFormat;)V+12
j  org.lwjgl.opengl.Display.create()V+7
j  at.jumpandjan.JumpAndJan.main([Ljava/lang/String;)V+119
v  ~StubRoutines::call_stub

---------------  P R O C E S S  ---------------

Java Threads: ( => current thread )
  0x000000000e068000 JavaThread "AWT-EventQueue-0" [_thread_blocked, id=8320, stack(0x000000000f500000,0x000000000f600000)]
  0x000000000e067800 JavaThread "AWT-Windows" daemon [_thread_in_native, id=8304, stack(0x000000000f120000,0x000000000f220000)]
  0x000000000e066800 JavaThread "AWT-Shutdown" [_thread_blocked, id=8300, stack(0x000000000f020000,0x000000000f120000)]
  0x000000000e066000 JavaThread "Java2D Disposer" daemon [_thread_blocked, id=8296, stack(0x000000000edc0000,0x000000000eec0000)]
  0x000000000e065000 JavaThread "Service Thread" daemon [_thread_blocked, id=8264, stack(0x000000000e960000,0x000000000ea60000)]
  0x000000000e064800 JavaThread "C2 CompilerThread1" daemon [_thread_blocked, id=8260, stack(0x000000000e790000,0x000000000e890000)]
  0x000000000e04c000 JavaThread "C2 CompilerThread0" daemon [_thread_blocked, id=8256, stack(0x000000000e440000,0x000000000e540000)]
  0x000000000e04a800 JavaThread "Attach Listener" daemon [_thread_blocked, id=8252, stack(0x000000000e5e0000,0x000000000e6e0000)]
  0x000000000e049000 JavaThread "Signal Dispatcher" daemon [_thread_blocked, id=8248, stack(0x000000000dc90000,0x000000000dd90000)]
  0x000000000bee6000 JavaThread "Finalizer" daemon [_thread_blocked, id=8236, stack(0x000000000df00000,0x000000000e000000)]
  0x000000000bedd800 JavaThread "Reference Handler" daemon [_thread_blocked, id=8232, stack(0x000000000dd90000,0x000000000de90000)]
=>0x0000000001d1c800 JavaThread "main" [_thread_in_native, id=6124, stack(0x00000000025a0000,0x00000000026a0000)]

Other Threads:
  0x000000000bed5000 VMThread [stack: 0x000000000dac0000,0x000000000dbc0000] [id=8224]
  0x000000000e08a800 WatcherThread [stack: 0x000000000eb50000,0x000000000ec50000] [id=8268]

VM state:not at safepoint (normal execution)

VM Mutex/Monitor currently owned by a thread: None

Heap
 PSYoungGen      total 37760K, used 3248K [0x00000007d5d60000, 0x00000007d8780000, 0x0000000800000000)
  eden space 32384K, 10% used [0x00000007d5d60000,0x00000007d608c048,0x00000007d7d00000)
  from space 5376K, 0% used [0x00000007d8240000,0x00000007d8240000,0x00000007d8780000)
  to   space 5376K, 0% used [0x00000007d7d00000,0x00000007d7d00000,0x00000007d8240000)
 ParOldGen       total 86400K, used 0K [0x0000000781800000, 0x0000000786c60000, 0x00000007d5d60000)
  object space 86400K, 0% used [0x0000000781800000,0x0000000781800000,0x0000000786c60000)
 PSPermGen       total 21248K, used 6567K [0x000000077c600000, 0x000000077dac0000, 0x0000000781800000)
  object space 21248K, 30% used [0x000000077c600000,0x000000077cc69c40,0x000000077dac0000)

Card table byte_map: [0x00000000056a0000,0x0000000005ac0000] byte_map_base: 0x0000000001abd000

Polling page: 0x0000000000130000

Code Cache  [0x00000000026a0000, 0x0000000002910000, 0x00000000056a0000)
 total_blobs=343 nmethods=7 adapters=288 free_code_cache=48679Kb largest_free_block=49827584

Compilation events (10 events):
Event: 0.149 Thread 0x000000000e04c000    3             java.lang.String::charAt (29 bytes)
Event: 0.150 Thread 0x000000000e04c000 nmethod 3 0x0000000002711990 code [0x0000000002711ac0, 0x0000000002711b78]
Event: 0.164 Thread 0x000000000e064800    4             java.lang.String::indexOf (70 bytes)
Event: 0.166 Thread 0x000000000e064800 nmethod 4 0x0000000002712290 code [0x00000000027123e0, 0x0000000002712588]
Event: 0.209 Thread 0x000000000e04c000    5             java.lang.String::indexOf (166 bytes)
Event: 0.217 Thread 0x000000000e04c000 nmethod 5 0x0000000002714710 code [0x0000000002714860, 0x0000000002714cb8]
Event: 0.226 Thread 0x000000000e064800    6             java.lang.Object::<init> (1 bytes)
Event: 0.227 Thread 0x000000000e064800 nmethod 6 0x00000000027169d0 code [0x0000000002716b00, 0x0000000002716b98]
Event: 0.229 Thread 0x000000000e04c000    7             java.lang.String::lastIndexOf (52 bytes)
Event: 0.231 Thread 0x000000000e04c000 nmethod 7 0x0000000002715310 code [0x0000000002715460, 0x00000000027155c8]

GC Heap History (0 events):
No events

Deoptimization events (0 events):
No events

Internal exceptions (10 events):
Event: 0.223 Thread 0x0000000001d1c800 Threw 0x00000007d603bd78 at C:\jdk7u1_64p\jdk7u7\hotspot\src\share\vm\prims\jvm.cpp:1166
Event: 0.225 Thread 0x0000000001d1c800 Threw 0x00000007d603f2f8 at C:\jdk7u1_64p\jdk7u7\hotspot\src\share\vm\prims\jvm.cpp:1166
Event: 0.225 Thread 0x0000000001d1c800 Threw 0x00000007d6042fa8 at C:\jdk7u1_64p\jdk7u7\hotspot\src\share\vm\prims\jvm.cpp:1166
Event: 0.226 Thread 0x0000000001d1c800 Threw 0x00000007d60469a0 at C:\jdk7u1_64p\jdk7u7\hotspot\src\share\vm\prims\jvm.cpp:1166
Event: 0.226 Thread 0x0000000001d1c800 Threw 0x00000007d6049300 at C:\jdk7u1_64p\jdk7u7\hotspot\src\share\vm\prims\jvm.cpp:1166
Event: 0.227 Thread 0x0000000001d1c800 Threw 0x00000007d604f640 at C:\jdk7u1_64p\jdk7u7\hotspot\src\share\vm\prims\jvm.cpp:1166
Event: 0.228 Thread 0x0000000001d1c800 Threw 0x00000007d6052150 at C:\jdk7u1_64p\jdk7u7\hotspot\src\share\vm\prims\jvm.cpp:1166
Event: 0.229 Thread 0x0000000001d1c800 Threw 0x00000007d6055168 at C:\jdk7u1_64p\jdk7u7\hotspot\src\share\vm\prims\jvm.cpp:1166
Event: 0.231 Thread 0x0000000001d1c800 Threw 0x00000007d605e620 at C:\jdk7u1_64p\jdk7u7\hotspot\src\share\vm\prims\jvm.cpp:1166
Event: 0.232 Thread 0x0000000001d1c800 Threw 0x00000007d6061a70 at C:\jdk7u1_64p\jdk7u7\hotspot\src\share\vm\prims\jvm.cpp:1166

Events (10 events):
Event: 0.229 loading class 0x0000000002372590
Event: 0.229 loading class 0x0000000002372590 done
Event: 0.229 loading class 0x000000000e254480
Event: 0.229 loading class 0x000000000e254480 done
Event: 0.230 loading class 0x000000000bda84a0
Event: 0.230 loading class 0x000000000bda84a0 done
Event: 0.231 loading class 0x000000000e243ee0
Event: 0.231 loading class 0x000000000e243ee0 done
Event: 0.232 loading class 0x000000000e22e080
Event: 0.232 loading class 0x000000000e22e080 done


Dynamic libraries:
0x000000013f050000 - 0x000000013f084000 	C:\Program Files\Java\jre7\bin\javaw.exe
0x00000000778d0000 - 0x0000000077a79000 	C:\Windows\SYSTEM32\ntdll.dll
0x00000000771f0000 - 0x000000007730f000 	C:\Windows\system32\kernel32.dll
0x000007fefdec0000 - 0x000007fefdf2c000 	C:\Windows\system32\KERNELBASE.dll
0x000007feff950000 - 0x000007feffa2b000 	C:\Windows\system32\ADVAPI32.dll
0x000007fefefc0000 - 0x000007feff05f000 	C:\Windows\system32\msvcrt.dll
0x000007feffa90000 - 0x000007feffaaf000 	C:\Windows\SYSTEM32\sechost.dll
0x000007fefee90000 - 0x000007fefefbd000 	C:\Windows\system32\RPCRT4.dll
0x0000000077460000 - 0x000000007755a000 	C:\Windows\system32\USER32.dll
0x000007feff460000 - 0x000007feff4c7000 	C:\Windows\system32\GDI32.dll
0x000007feff580000 - 0x000007feff58e000 	C:\Windows\system32\LPK.dll
0x000007feff2f0000 - 0x000007feff3b9000 	C:\Windows\system32\USP10.dll
0x000007fefcd10000 - 0x000007fefcf04000 	C:\Windows\WinSxS\amd64_microsoft.windows.common-controls_6595b64144ccf1df_6.0.7601.17514_none_fa396087175ac9ac\COMCTL32.dll
0x000007feff4d0000 - 0x000007feff541000 	C:\Windows\system32\SHLWAPI.dll
0x000007feff550000 - 0x000007feff57e000 	C:\Windows\system32\IMM32.DLL
0x000007feff590000 - 0x000007feff699000 	C:\Windows\system32\MSCTF.dll
0x00000000559e0000 - 0x0000000055ab1000 	C:\Program Files\Java\jre7\bin\msvcr100.dll
0x0000000050860000 - 0x0000000050f7f000 	C:\Program Files\Java\jre7\bin\server\jvm.dll
0x000007fefab60000 - 0x000007fefab69000 	C:\Windows\system32\WSOCK32.dll
0x000007feffb90000 - 0x000007feffbdd000 	C:\Windows\system32\WS2_32.dll
0x000007feff740000 - 0x000007feff748000 	C:\Windows\system32\NSI.dll
0x000007fefbcc0000 - 0x000007fefbcfb000 	C:\Windows\system32\WINMM.dll
0x0000000077a90000 - 0x0000000077a97000 	C:\Windows\system32\PSAPI.DLL
0x0000000056d80000 - 0x0000000056d8f000 	C:\Program Files\Java\jre7\bin\verify.dll
0x0000000056d50000 - 0x0000000056d78000 	C:\Program Files\Java\jre7\bin\java.dll
0x00000000560f0000 - 0x0000000056105000 	C:\Program Files\Java\jre7\bin\zip.dll
0x0000000056f90000 - 0x0000000057123000 	C:\Program Files\Java\jre7\bin\awt.dll
0x000007feffab0000 - 0x000007feffb87000 	C:\Windows\system32\OLEAUT32.dll
0x000007feff0e0000 - 0x000007feff2e3000 	C:\Windows\system32\ole32.dll
0x000007fefbe80000 - 0x000007fefbe98000 	C:\Windows\system32\DWMAPI.DLL
0x000007fefc2b0000 - 0x000007fefc306000 	C:\Windows\system32\uxtheme.dll
0x000007feeb2a0000 - 0x000007feeb374000 	C:\Program Files\DigitalPersona\Bin\DpoFeedb.dll
0x000007fefd0b0000 - 0x000007fefd0bc000 	C:\Windows\system32\VERSION.dll
0x000007fefd130000 - 0x000007fefd14e000 	C:\Windows\system32\USERENV.dll
0x000007fefdd30000 - 0x000007fefdd3f000 	C:\Windows\system32\profapi.dll
0x000007fefdc60000 - 0x000007fefdc6f000 	C:\Windows\system32\CRYPTBASE.dll
0x000007feeb1a0000 - 0x000007feeb1f7000 	C:\Program Files\DigitalPersona\Bin\DpoSet.dll
0x0000000056f50000 - 0x0000000056f84000 	C:\Program Files\Java\jre7\bin\fontmanager.dll
0x000007feecc90000 - 0x000007feecccf000 	C:\Program Files\WIDCOMM\Bluetooth Software\btmmhook.dll
0x000007fefe100000 - 0x000007fefee88000 	C:\Windows\system32\SHELL32.dll
0x000007feff3c0000 - 0x000007feff459000 	C:\Windows\system32\CLBCatQ.DLL
0x0000000180000000 - 0x000000018004f000 	C:\Users\Felix\Documents\Schule\POS\Jump'n'Jan\natives\windows\lwjgl64.dll
0x000007fee4e00000 - 0x000007fee4f1d000 	C:\Windows\system32\OPENGL32.dll
0x000007fefb790000 - 0x000007fefb7bd000 	C:\Windows\system32\GLU32.dll
0x000007fee4d00000 - 0x000007fee4df1000 	C:\Windows\system32\DDRAW.dll
0x000007fef7430000 - 0x000007fef7438000 	C:\Windows\system32\DCIMAN32.dll
0x000007feff750000 - 0x000007feff927000 	C:\Windows\system32\SETUPAPI.dll
0x000007fefdf50000 - 0x000007fefdf86000 	C:\Windows\system32\CFGMGR32.dll
0x000007fefdf30000 - 0x000007fefdf4a000 	C:\Windows\system32\DEVOBJ.dll
0x000007fefad60000 - 0x000007fefad69000 	C:\Windows\system32\atig6pxx.dll
0x000007fefad70000 - 0x000007fefadf9000 	C:\Windows\system32\atiadlxx.dll
0x000007fefd020000 - 0x000007fefd031000 	C:\Windows\system32\WTSAPI32.dll
0x000007fefdde0000 - 0x000007fefde1a000 	C:\Windows\system32\WINTRUST.dll
0x000007fefdf90000 - 0x000007fefe0fa000 	C:\Windows\system32\CRYPT32.dll
0x000007fefddd0000 - 0x000007fefdddf000 	C:\Windows\system32\MSASN1.dll
0x0000000069030000 - 0x000000006a8f7000 	C:\Windows\system32\atio6axx.dll
0x0000000072ab0000 - 0x0000000072b99000 	C:\Windows\system32\aticfx64.dll
0x000007fefad40000 - 0x000007fefad4e000 	C:\Windows\system32\atig6txx.dll
0x000007fef92e0000 - 0x000007fef9405000 	C:\Windows\system32\dbghelp.dll

VM Arguments:
jvm_args: -Djava.library.path=C:\Users\Felix\Documents\Schule\POS\Jump'n'Jan\natives\windows -Dfile.encoding=Cp1252 
java_command: at.jumpandjan.JumpAndJan
Launcher Type: SUN_STANDARD

Environment Variables:
PATH=C:\Program Files\Common Files\Microsoft Shared\Windows Live;C:\Program Files (x86)\Common Files\Microsoft Shared\Windows Live;c:\Program Files (x86)\AMD APP\bin\x86_64;c:\Program Files (x86)\AMD APP\bin\x86;c:\Program Files (x86)\Intel\iCLS Client\;c:\Program Files\Intel\iCLS Client\;C:\Windows\system32;C:\Windows;C:\Windows\System32\Wbem;C:\Windows\System32\WindowsPowerShell\v1.0\;c:\Program Files (x86)\ATI Technologies\ATI.ACE\Core-Static;c:\Program Files\WIDCOMM\Bluetooth Software\;c:\Program Files\WIDCOMM\Bluetooth Software\syswow64;C:\Program Files (x86)\Windows Live\Shared;C:\Program Files\Trend Micro\AMSP;C:\Program Files\Microsoft\Web Platform Installer\;C:\Program Files (x86)\Microsoft ASP.NET\ASP.NET Web Pages\v1.0\;C:\Program Files\Microsoft SQL Server\110\Tools\Binn\
USERNAME=Felix
OS=Windows_NT
PROCESSOR_IDENTIFIER=Intel64 Family 6 Model 58 Stepping 9, GenuineIntel



---------------  S Y S T E M  ---------------

OS: Windows 7 , 64 bit Build 7601 Service Pack 1

CPU:total 8 (4 cores per cpu, 2 threads per core) family 6 model 58 stepping 9, cmov, cx8, fxsr, mmx, sse, sse2, sse3, ssse3, sse4.1, sse4.2, popcnt, avx, ht, tsc, tscinvbit, tscinv

Memory: 4k page, physical 8288620k(4096940k free), swap 16575388k(11007204k free)

vm_info: Java HotSpot(TM) 64-Bit Server VM (23.3-b01) for windows-amd64 JRE (1.7.0_07-b10), built on Aug 28 2012 18:28:27 by "java_re" with unknown MS VC++:1600

time: Sat Oct 06 12:43:03 2012
elapsed time: 0 seconds

