java.lang.NullPointerException
	at at.jumpandjan.gui.Gui.fireKeyboardEvent(Gui.java:302)
	at at.jumpandjan.JumpAndJan.main(JumpAndJan.java:148)
at.jumpandjan.Constants                            22.10.12
at.jumpandjan.EntityWaitrose                       23.10.12
at.jumpandjan.gui.CompPanel                        01.06.2013
at.jumpandjan.gui.GuiLevelChooser                  01.06.2013
at.jumpandjan.level.Level                          23.10.12
at.jumpandjan.EntityMeatball                       22.10.12
at.freschmushroom.xml.XMLFile                          01
at.jumpandjan.EntityPsy                            23.10.12
at.jumpandjan.gui.CompProgressBar                  01.06.2013
at.jumpandjan.Floor                                23.10.12
at.jumpandjan.gui.GuiOptions                       01.06.2013
at.jumpandjan.EntityHaarfarbe                      22.10.12
at.jumpandjan.level.Floor                          23.10.12
at.jumpandjan.gui.CompButton                       01.06.2013
at.freschmushroom.ServiceProvider                  19.02.13
at.jumpandjan.level.LevelElement                   01.06.2013
at.jumpandjan.EntityUnicorn                        04.12.11
at.freschmushroom.TextureManager                   29.09.12
at.jumpandjan.level.Wall                           23.10.12
at.jumpandjan.gui.GuiUserSaveStates                01.06.2013
at.jumpandjan.gui.GuiCreateUser                    01.06.2013
at.jumpandjan.Object                               01.06.2013
at.jumpandjan.level.Point                          23.10.12
at.jumpandjan.EntitySword                          01.06.2013
at.jumpandjan.gui.Component                        01.06.2013
at.freschmushroom.xml.XMLNode                      01/06/13
at.jumpandjan.gui.CompTextField                    01.06.2013
at.jumpandjan.level.LevelBuilder                   23.10.12
at.jumpandjan.EntityFlag                           22.10.12
at.freschmushroom.Intro                            07.11.12
at.jumpandjan.EntityStartFlag                      23.10.12
at.freschmushroom.Out                              27.09.12
at.jumpandjan.EntityPedobaer                       23.10.12
at.jumpandjan.EntityHildegard                      01/06/13
at.jumpandjan.gui.GuiLoadingScreen                 01.06.2013
at.jumpandjan.PlayerListener                       01.06.2013
at.jumpandjan.User                                 01.06.2013
at.jumpandjan.gui.GameQuitListener                 01.06.2013
at.jumpandjan.level.FinishFlag                     01.06.31
at.jumpandjan.Entity                               22.10.12
at.freschmushroom.xml.XMLParser                    01/06/13
at.jumpandjan.gui.Gui                              01.06.2013
at.jumpandjan.EntityPlayer                         23.10.12
at.jumpandjan.Wall                                 23.10.12
at.jumpandjan.level.FlexibleElement                01.06.13
at.jumpandjan.InterruptUpdateException             01.06.2013
at.freschmushroom.audio.SoundContainer             01/06/13
at.freschmushroom.Errorhandling                    06.11.12
at.freschmushroom.xml.XMLDeclaration               01/06/13/
at.jumpandjan.gui.GuiMainMenu                      01.06.2013
at.jumpandjan.gui.CompYesNoButton                  01.06.2013
at.jumpandjan.level.Spawn                          23.10.12
at.jumpandjan.gui.OpenGuiListener                  01.06.2013
at.jumpandjan.gui.CloseGuiListener                 01.06.2013
at.jumpandjan.gui.CompLabel                        01.06.2013
at.jumpandjan.JumpAndJan                           22.10.12
at.jumpandjan.EntityFinishFlag                     22.10.12
at.freschmushroom.xml.XMLAttribut                  01/06/13
