java.lang.NullPointerException
	at at.jumpandjan.JumpAndJan.drawBackground(JumpAndJan.java:335)
	at at.jumpandjan.JumpAndJan.main(JumpAndJan.java:115)
at.jumpandjan.Constants                            22.10.12
at.freschmushroom.TextureManager                   29.09.12
at.freschmushroom.xml.XMLFile                          01
at.jumpandjan.gui.CompLabel                        01.06.2013
at.freschmushroom.xml.XMLDeclaration               01/06/13/
at.freschmushroom.Out                              27.09.12
at.jumpandjan.gui.CompProgressBar                  01.06.2013
at.freschmushroom.Intro                            07.11.12
at.freschmushroom.audio.SoundContainer             01/06/13
at.freschmushroom.xml.XMLNode                      01/06/13
at.jumpandjan.JumpAndJan                           22.10.12
at.freschmushroom.Errorhandling                    06.11.12
at.freschmushroom.ServiceProvider                  19.02.13
at.freschmushroom.xml.XMLParser                    01/06/13
at.freschmushroom.xml.XMLAttribut                  01/06/13
at.jumpandjan.gui.GuiLoadingScreen                 01.06.2013
at.jumpandjan.gui.Component                        01.06.2013
at.jumpandjan.gui.Gui                              01.06.2013
Missing file:img\Background.png
